Arguments: 
  /usr/local/Cellar/node/9.9.0/bin/node /usr/local/bin/yarn build

PATH: 
  /Users/austinkovach/.rvm/gems/ruby-2.3.0/bin:/Users/austinkovach/.rvm/gems/ruby-2.3.0@global/bin:/Users/austinkovach/.rvm/rubies/ruby-2.3.0/bin:/usr/local/bin:/usr/bin:/bin:/usr/sbin:/sbin:/Applications/Wireshark.app/Contents/MacOS:/Users/austinkovach/.rvm/bin

Yarn version: 
  1.5.1

Node version: 
  9.9.0

Platform: 
  darwin x64

npm manifest: 
  {
    "name": "eztasks",
    "version": "1.0.0",
    "description": "",
    "main": "server.js",
    "scripts": {
      "start": "nodemon server.js",
      "test": "mocha",
      "dev": "webpack build"
    },
    "author": "",
    "license": "ISC",
    "dependencies": {
      "bcrypt-nodejs": "latest",
      "body-parser": "~1.0.0",
      "connect-flash": "~0.1.1",
      "cookie-parser": "~1.0.0",
      "express": "~4.0.0",
      "express-session": "~1.0.0",
      "method-override": "~1.0.0",
      "moment": "^2.17.1",
      "mongoose": "~4.4",
      "passport": "~0.1.17",
      "passport-google-oauth": "~0.1.5",
      "passport-google-oauth2": "^0.1.6",
      "passport-local": "~0.1.6",
      "pg": "^6.1.2",
      "pug": "^0.1.0",
      "react": "^16.3.2",
      "react-dom": "^16.3.2",
      "request": "^2.81.0",
      "request-promise": "^4.1.1"
    },
    "devDependencies": {
      "babel-core": "^6.26.0",
      "babel-loader": "^7.1.4",
      "babel-preset-es2015": "^6.24.1",
      "babel-preset-react": "^6.24.1",
      "nodemon": "^1.11.0",
      "webpack": "^4.6.0",
      "webpack-cli": "^2.0.15"
    }
  }

yarn manifest: 
  No manifest

Lockfile: 
  No lockfile

Trace: 
  Error: Command "build" not found.
      at new MessageError (/usr/local/lib/node_modules/yarn/lib/cli.js:186:110)
      at /usr/local/lib/node_modules/yarn/lib/cli.js:87307:17
      at Generator.next (<anonymous>)
      at step (/usr/local/lib/node_modules/yarn/lib/cli.js:98:30)
      at /usr/local/lib/node_modules/yarn/lib/cli.js:116:14
      at new Promise (<anonymous>)
      at new F (/usr/local/lib/node_modules/yarn/lib/cli.js:23451:28)
      at /usr/local/lib/node_modules/yarn/lib/cli.js:95:12
      at runCommand (/usr/local/lib/node_modules/yarn/lib/cli.js:87312:22)
      at Object.<anonymous> (/usr/local/lib/node_modules/yarn/lib/cli.js:87412:14)
